<?xml version="1.0" encoding="UTF-8"?>
<!-- Generated by org.testng.reporters.JUnitReportReporter -->
<testsuite skipped="0" hostname="DESKTOP-D7B0KO9" name="test_groupDependsOn.DependsOn" tests="3" failures="0" timestamp="04 Nov 2018 17:14:00 GMT" time="0.031" errors="0">
  <testcase name="changePass" time="0.000" classname="test_groupDependsOn.DependsOn"/>
  <testcase name="openBrowser" time="0.016" classname="test_groupDependsOn.DependsOn"/>
  <testcase name="aLogInn" time="0.015" classname="test_groupDependsOn.DependsOn"/>
</testsuite> <!-- test_groupDependsOn.DependsOn -->
