<?xml version="1.0" encoding="UTF-8"?>
<!-- Generated by org.testng.reporters.JUnitReportReporter -->
<testsuite skipped="0" hostname="DESKTOP-D7B0KO9" name="test_fbLogin.TC1_LoginWithInvalidCredential" tests="1" failures="0" timestamp="21 Oct 2018 15:22:20 GMT" time="0.011" errors="0">
  <testcase name="test_fbLoginWithInvalidCredential" time="0.011" classname="test_fbLogin.TC1_LoginWithInvalidCredential"/>
</testsuite> <!-- test_fbLogin.TC1_LoginWithInvalidCredential -->
