<?xml version="1.0" encoding="UTF-8"?>
<!-- Generated by org.testng.reporters.JUnitReportReporter -->
<testsuite skipped="2" hostname="DESKTOP-D7B0KO9" name="test_PrioritySkipDisableDependsOn.TestPriority" tests="5" failures="0" timestamp="28 Oct 2018 15:23:56 GMT" time="0.024" errors="0">
  <testcase name="skipTest" time="0.016" classname="test_PrioritySkipDisableDependsOn.TestPriority">
    <skipped/>
  </testcase> <!-- skipTest -->
  <testcase name="test_qa" time="0.003" classname="test_PrioritySkipDisableDependsOn.TestPriority"/>
  <testcase name="test1" time="0.003" classname="test_PrioritySkipDisableDependsOn.TestPriority"/>
  <testcase name="test2" time="0.002" classname="test_PrioritySkipDisableDependsOn.TestPriority"/>
  <testcase name="test4" classname="test_PrioritySkipDisableDependsOn.TestPriority">
    <skipped/>
  </testcase> <!-- test4 -->
</testsuite> <!-- test_PrioritySkipDisableDependsOn.TestPriority -->
