<?xml version="1.0" encoding="UTF-8"?>
<!-- Generated by org.testng.reporters.JUnitReportReporter -->
<testsuite skipped="1" hostname="DESKTOP-D7B0KO9" name="test_assert.AssertTesting" tests="2" failures="0" timestamp="11 Nov 2018 15:51:02 GMT" time="13.698" errors="0">
  <testcase name="testAssertion" time="5.983" classname="test_assert.AssertTesting"/>
  <testcase name="testSoftAssert" time="7.715" classname="test_assert.AssertTesting">
    <skipped/>
  </testcase> <!-- testSoftAssert -->
</testsuite> <!-- test_assert.AssertTesting -->
