<?xml version="1.0" encoding="UTF-8"?>
<!-- Generated by org.testng.reporters.JUnitReportReporter -->
<testsuite skipped="0" hostname="DESKTOP-D7B0KO9" name="test_groupDependsOn.GroupDependsOn2" tests="1" failures="0" timestamp="04 Nov 2018 16:14:57 GMT" time="0.014" errors="0">
  <testcase name="test" time="0.014" classname="test_groupDependsOn.GroupDependsOn2"/>
</testsuite> <!-- test_groupDependsOn.GroupDependsOn2 -->
