<?xml version="1.0" encoding="UTF-8"?>
<!-- Generated by org.testng.reporters.JUnitReportReporter -->
<testsuite skipped="0" hostname="DESKTOP-D7B0KO9" name="test_groupDependsOn.GroupDependsOn" tests="1" failures="0" timestamp="04 Nov 2018 16:12:51 GMT" time="0.013" errors="0">
  <testcase name="test" time="0.013" classname="test_groupDependsOn.GroupDependsOn"/>
</testsuite> <!-- test_groupDependsOn.GroupDependsOn -->
