<?xml version="1.0" encoding="UTF-8"?>
<!-- Generated by org.testng.reporters.JUnitReportReporter -->
<testsuite skipped="0" hostname="DESKTOP-D7B0KO9" name="test_readWriteFromExcelFile.ReadWriteExcel" tests="2" failures="0" timestamp="11 Nov 2018 17:53:01 GMT" time="14.734" errors="0">
  <testcase name="writeFromExcel" time="7.244" classname="test_readWriteFromExcelFile.ReadWriteExcel"/>
  <testcase name="readFromExcel" time="7.490" classname="test_readWriteFromExcelFile.ReadWriteExcel"/>
</testsuite> <!-- test_readWriteFromExcelFile.ReadWriteExcel -->
